2024-01-11 10:45:43,675 INFO:Data saved to all_currency_data.csv
2024-01-11 10:45:43,676 ERROR:An error occurred in main execution: name 'select_and_save_data' is not defined
2024-01-11 11:27:22,284 ERROR:No such comm target registered: jupyter.widget.control
2024-01-11 11:27:22,286 ERROR:No such comm target registered: jupyter.widget.control
2024-01-11 11:27:22,288 WARNING:No such comm: b1c84249-dac9-45b9-bdeb-237e25d5d9bd
2024-01-11 11:27:22,290 WARNING:No such comm: e24409c8-2c92-4de6-8b56-4541517712fe
2024-01-11 11:27:27,305 INFO:Data saved to all_currency_data.csv
2024-01-11 11:27:45,142 INFO:Data saved to selected_currency_data.csv
2024-01-11 11:27:49,270 ERROR:4 is not available in the data.
2024-01-11 11:29:00,074 ERROR:No such comm target registered: jupyter.widget.control
2024-01-11 11:29:00,076 WARNING:No such comm: 7c9e3c2d-ba91-4846-b304-b72256e735f5
2024-01-11 11:29:03,798 INFO:Data saved to all_currency_data.csv
2024-01-11 11:29:07,431 INFO:Data saved to selected_currency_data.csv
2024-01-11 11:29:09,446 ERROR:1 is not available in the data.
2024-01-11 11:30:34,403 INFO:Data saved to all_currency_data.csv
2024-01-11 11:30:36,394 INFO:Data saved to selected_currency_data.csv
2024-01-11 11:30:36,843 ERROR:2 is not available in the data.
2024-01-11 11:31:14,873 INFO:Data saved to all_currency_data.csv
2024-01-11 11:31:18,845 INFO:Data saved to selected_currency_data.csv
2024-01-11 11:31:19,422 ERROR:2 is not available in the data.
2024-01-11 11:50:35,256 ERROR:No such comm target registered: jupyter.widget.control
2024-01-11 11:50:35,259 WARNING:No such comm: 4bb54e3a-6fc3-405d-91ea-d93ba2f460c3
2024-01-11 11:50:37,410 ERROR:Error saving data: [Errno 13] Permission denied: 'all_currency_data.csv'
2024-01-11 11:50:51,628 ERROR:Error saving data: [Errno 13] Permission denied: 'selected_currency_data.csv'
2024-01-11 11:50:58,336 ERROR:EUR/PLN, USD/PLN is not available in the data.
2024-01-11 11:51:36,388 INFO:Data saved to all_currency_data.csv
2024-01-11 11:51:48,090 INFO:Data saved to selected_currency_data.csv
2024-01-11 11:52:03,454 ERROR:EUR/PLN, USD/PLN, CHF/PLN is not available in the data.
2024-01-11 11:55:26,975 INFO:Data saved to all_currency_data.csv
2024-01-11 11:55:35,478 INFO:Data saved to selected_currency_data.csv
2024-01-11 11:55:46,647 INFO:Analysis for EUR/PLN:
2024-01-11 12:36:52,100 ERROR:Error saving data: [Errno 13] Permission denied: 'all_currency_data.csv'
2024-01-11 12:37:10,777 ERROR:Error saving data: [Errno 13] Permission denied: 'selected_currency_data.csv'
2024-01-11 12:37:23,170 ERROR:EUR/PLN', 'USD/PLN' is not available in the data.
2024-01-11 12:38:00,137 ERROR:Error saving data: [Errno 13] Permission denied: 'all_currency_data.csv'
2024-01-11 12:38:43,037 INFO:Data saved to all_currency_data.csv
2024-01-11 12:39:11,742 INFO:Data saved to selected_currency_data.csv
2024-01-11 12:39:27,265 ERROR:CHF/PLN, EUR/USD is not available in the data.
2024-01-11 12:39:49,261 INFO:Data saved to all_currency_data.csv
2024-01-11 12:40:11,378 INFO:Data saved to selected_currency_data.csv
2024-01-11 12:40:20,530 INFO:Analysis for CHF/PLN:
2024-01-13 15:04:22,199 INFO:New data appended to all_currency_data.csv
2024-01-17 01:13:33,650 INFO:Data saved to all_currency_data.csv
2024-01-17 01:13:44,354 INFO:Data saved to selected_currency_data.csv
2024-01-17 01:13:54,371 INFO:Analysis for EUR/USD:
2024-01-21 23:45:17,363 ERROR:An error occurred in main execution: fetch_currency_data() takes 0 positional arguments but 2 were given
2024-01-22 00:10:20,601 INFO:Data saved to all_currency_data.csv
2024-01-22 00:10:35,624 INFO:Data saved to selected_currency_data.csv
2024-01-24 00:14:19,368 INFO:Data saved to all_currency_data.csv
2024-01-24 00:14:29,762 INFO:Data saved to selected_currency_data.csv
